Построение начато 10.02.2015 14:47:08.
     1>Проект "C:\Users\Acer-PC\Documents\Visual Studio 2010\Projects\kurs_real_client\kurs_real_client\kurs_real_client.vcxproj" в узле 2 (целевые объекты build).
     1>InitializeBuildStatus:
         Создание "Debug\kurs_real_client.unsuccessfulbuild", так как было задано "AlwaysCreate".
       ClCompile:
         C:\Program Files (x86)\Microsoft Visual Studio 10.0\VC\bin\CL.exe /c /ZI /nologo /W3 /WX- /Od /Oy- /D WIN32 /D _DEBUG /D _CONSOLE /D _UNICODE /D UNICODE /Gm /EHsc /RTC1 /MDd /GS /fp:precise /Zc:wchar_t /Zc:forScope /Fo"Debug\\" /Fd"Debug\vc100.pdb" /Gd /TP /analyze- /errorReport:prompt kod.cpp
         kod.cpp
     1>c:\users\acer-pc\documents\visual studio 2010\projects\kurs_real_client\kurs_real_client\kod.cpp(15): warning C4996: 'wcscpy': This function or variable may be unsafe. Consider using wcscpy_s instead. To disable deprecation, use _CRT_SECURE_NO_WARNINGS. See online help for details.
                 c:\program files (x86)\microsoft visual studio 10.0\vc\include\string.h(283): см. объявление "wcscpy"
       ManifestResourceCompile:
         Для всех выходных данных обновления не требуется.
       Link:
         C:\Program Files (x86)\Microsoft Visual Studio 10.0\VC\bin\link.exe /ERRORREPORT:PROMPT /OUT:"C:\Users\Acer-PC\Documents\Visual Studio 2010\Projects\kurs_real_client\Debug\kurs_real_client.exe" /INCREMENTAL /NOLOGO kernel32.lib user32.lib gdi32.lib winspool.lib comdlg32.lib advapi32.lib shell32.lib ole32.lib oleaut32.lib uuid.lib odbc32.lib odbccp32.lib /MANIFEST /ManifestFile:"Debug\kurs_real_client.exe.intermediate.manifest" /MANIFESTUAC:"level='asInvoker' uiAccess='false'" /DEBUG /PDB:"C:\Users\Acer-PC\Documents\Visual Studio 2010\Projects\kurs_real_client\Debug\kurs_real_client.pdb" /SUBSYSTEM:CONSOLE /TLBID:1 /DYNAMICBASE /NXCOMPAT /IMPLIB:"C:\Users\Acer-PC\Documents\Visual Studio 2010\Projects\kurs_real_client\Debug\kurs_real_client.lib" /MACHINE:X86 Debug\kurs_real_client.exe.embed.manifest.res
         Debug\kod.obj
       Manifest:
         C:\Program Files (x86)\Microsoft SDKs\Windows\v7.0A\bin\mt.exe /nologo /verbose /out:"Debug\kurs_real_client.exe.embed.manifest" /manifest Debug\kurs_real_client.exe.intermediate.manifest
         Для всех выходных данных обновления не требуется.
       LinkEmbedManifest:
         Для всех выходных данных обновления не требуется.
         kurs_real_client.vcxproj -> C:\Users\Acer-PC\Documents\Visual Studio 2010\Projects\kurs_real_client\Debug\kurs_real_client.exe
       FinalizeBuildStatus:
         Файл "Debug\kurs_real_client.unsuccessfulbuild" удаляется.
         Обращение к "Debug\kurs_real_client.lastbuildstate".
     1>Построение проекта "C:\Users\Acer-PC\Documents\Visual Studio 2010\Projects\kurs_real_client\kurs_real_client\kurs_real_client.vcxproj" завершено (целевые объекты build).

Построение успешно завершено.

Затраченное время: 00:00:01.13
