Построение начато 05.06.2015 1:08:29.
     1>Проект "C:\Users\Acer-PC\Documents\Visual Studio 2010\Projects\kurs_serv_t2\kurs_serv_t2\kurs_serv_t2.vcxproj" в узле 2 (целевые объекты build).
     1>InitializeBuildStatus:
         Создание "Debug\kurs_serv_t2.unsuccessfulbuild", так как было задано "AlwaysCreate".
       ClCompile:
         C:\Program Files (x86)\Microsoft Visual Studio 10.0\VC\bin\CL.exe /c /ZI /nologo /W3 /WX- /Od /Oy- /D WIN32 /D _DEBUG /D _CONSOLE /D _UNICODE /D UNICODE /Gm /EHsc /RTC1 /MDd /GS /fp:precise /Zc:wchar_t /Zc:forScope /Fo"Debug\\" /Fd"Debug\vc100.pdb" /Gd /TP /analyze- /errorReport:prompt kod.cpp
         kod.cpp
     1>c:\users\acer-pc\documents\visual studio 2010\projects\kurs_serv_t2\kurs_serv_t2\kod.cpp(33): warning C4996: 'fopen': This function or variable may be unsafe. Consider using fopen_s instead. To disable deprecation, use _CRT_SECURE_NO_WARNINGS. See online help for details.
                 c:\program files (x86)\microsoft visual studio 10.0\vc\include\stdio.h(234): см. объявление "fopen"
     1>c:\users\acer-pc\documents\visual studio 2010\projects\kurs_serv_t2\kurs_serv_t2\kod.cpp(80): warning C4996: 'fopen': This function or variable may be unsafe. Consider using fopen_s instead. To disable deprecation, use _CRT_SECURE_NO_WARNINGS. See online help for details.
                 c:\program files (x86)\microsoft visual studio 10.0\vc\include\stdio.h(234): см. объявление "fopen"
     1>c:\users\acer-pc\documents\visual studio 2010\projects\kurs_serv_t2\kurs_serv_t2\kod.cpp(81): warning C4996: 'fscanf': This function or variable may be unsafe. Consider using fscanf_s instead. To disable deprecation, use _CRT_SECURE_NO_WARNINGS. See online help for details.
                 c:\program files (x86)\microsoft visual studio 10.0\vc\include\stdio.h(253): см. объявление "fscanf"
     1>c:\users\acer-pc\documents\visual studio 2010\projects\kurs_serv_t2\kurs_serv_t2\kod.cpp(165): warning C4996: 'strcpy': This function or variable may be unsafe. Consider using strcpy_s instead. To disable deprecation, use _CRT_SECURE_NO_WARNINGS. See online help for details.
                 c:\program files (x86)\microsoft visual studio 10.0\vc\include\string.h(105): см. объявление "strcpy"
     1>c:\users\acer-pc\documents\visual studio 2010\projects\kurs_serv_t2\kurs_serv_t2\kod.cpp(166): warning C4996: 'strcpy': This function or variable may be unsafe. Consider using strcpy_s instead. To disable deprecation, use _CRT_SECURE_NO_WARNINGS. See online help for details.
                 c:\program files (x86)\microsoft visual studio 10.0\vc\include\string.h(105): см. объявление "strcpy"
     1>c:\users\acer-pc\documents\visual studio 2010\projects\kurs_serv_t2\kurs_serv_t2\kod.cpp(238): warning C4996: 'strcpy': This function or variable may be unsafe. Consider using strcpy_s instead. To disable deprecation, use _CRT_SECURE_NO_WARNINGS. See online help for details.
                 c:\program files (x86)\microsoft visual studio 10.0\vc\include\string.h(105): см. объявление "strcpy"
     1>c:\users\acer-pc\documents\visual studio 2010\projects\kurs_serv_t2\kurs_serv_t2\kod.cpp(239): warning C4996: 'strcat': This function or variable may be unsafe. Consider using strcat_s instead. To disable deprecation, use _CRT_SECURE_NO_WARNINGS. See online help for details.
                 c:\program files (x86)\microsoft visual studio 10.0\vc\include\string.h(110): см. объявление "strcat"
     1>c:\users\acer-pc\documents\visual studio 2010\projects\kurs_serv_t2\kurs_serv_t2\kod.cpp(239): warning C4996: 'itoa': The POSIX name for this item is deprecated. Instead, use the ISO C++ conformant name: _itoa. See online help for details.
                 c:\program files (x86)\microsoft visual studio 10.0\vc\include\stdlib.h(867): см. объявление "itoa"
     1>c:\users\acer-pc\documents\visual studio 2010\projects\kurs_serv_t2\kurs_serv_t2\kod.cpp(259): warning C4996: 'strcpy': This function or variable may be unsafe. Consider using strcpy_s instead. To disable deprecation, use _CRT_SECURE_NO_WARNINGS. See online help for details.
                 c:\program files (x86)\microsoft visual studio 10.0\vc\include\string.h(105): см. объявление "strcpy"
     1>c:\users\acer-pc\documents\visual studio 2010\projects\kurs_serv_t2\kurs_serv_t2\kod.cpp(260): warning C4996: 'strcat': This function or variable may be unsafe. Consider using strcat_s instead. To disable deprecation, use _CRT_SECURE_NO_WARNINGS. See online help for details.
                 c:\program files (x86)\microsoft visual studio 10.0\vc\include\string.h(110): см. объявление "strcat"
       ManifestResourceCompile:
         Для всех выходных данных обновления не требуется.
       Link:
         C:\Program Files (x86)\Microsoft Visual Studio 10.0\VC\bin\link.exe /ERRORREPORT:PROMPT /OUT:"C:\Users\Acer-PC\Documents\Visual Studio 2010\Projects\kurs_serv_t2\Debug\kurs_serv_t2.exe" /INCREMENTAL /NOLOGO kernel32.lib user32.lib gdi32.lib winspool.lib comdlg32.lib advapi32.lib shell32.lib ole32.lib oleaut32.lib uuid.lib odbc32.lib odbccp32.lib /MANIFEST /ManifestFile:"Debug\kurs_serv_t2.exe.intermediate.manifest" /MANIFESTUAC:"level='asInvoker' uiAccess='false'" /DEBUG /PDB:"C:\Users\Acer-PC\Documents\Visual Studio 2010\Projects\kurs_serv_t2\Debug\kurs_serv_t2.pdb" /SUBSYSTEM:CONSOLE /TLBID:1 /DYNAMICBASE /NXCOMPAT /IMPLIB:"C:\Users\Acer-PC\Documents\Visual Studio 2010\Projects\kurs_serv_t2\Debug\kurs_serv_t2.lib" /MACHINE:X86 Debug\kurs_serv_t2.exe.embed.manifest.res
         Debug\kod.obj
       Manifest:
         C:\Program Files (x86)\Microsoft SDKs\Windows\v7.0A\bin\mt.exe /nologo /verbose /out:"Debug\kurs_serv_t2.exe.embed.manifest" /manifest Debug\kurs_serv_t2.exe.intermediate.manifest
         Для всех выходных данных обновления не требуется.
       LinkEmbedManifest:
         Для всех выходных данных обновления не требуется.
         kurs_serv_t2.vcxproj -> C:\Users\Acer-PC\Documents\Visual Studio 2010\Projects\kurs_serv_t2\Debug\kurs_serv_t2.exe
       FinalizeBuildStatus:
         Файл "Debug\kurs_serv_t2.unsuccessfulbuild" удаляется.
         Обращение к "Debug\kurs_serv_t2.lastbuildstate".
     1>Построение проекта "C:\Users\Acer-PC\Documents\Visual Studio 2010\Projects\kurs_serv_t2\kurs_serv_t2\kurs_serv_t2.vcxproj" завершено (целевые объекты build).

Построение успешно завершено.

Затраченное время: 00:00:01.67
