Построение начато 07.06.2015 15:05:59.
     1>Проект "C:\Users\Acer-PC\Documents\Visual Studio 2010\Projects\kurs_client\kurs_client\kurs_client.vcxproj" в узле 2 (целевые объекты build).
     1>PrepareForBuild:
         Создание каталога "C:\Users\Acer-PC\Documents\Visual Studio 2010\Projects\kurs_client\Release\".
       InitializeBuildStatus:
         Создание "Release\kurs_client.unsuccessfulbuild", так как было задано "AlwaysCreate".
       ClCompile:
         C:\Program Files (x86)\Microsoft Visual Studio 10.0\VC\bin\CL.exe /c /Zi /nologo /W3 /WX- /O2 /Oi /Oy- /GL /D WIN32 /D NDEBUG /D _CONSOLE /D _UNICODE /D UNICODE /Gm- /EHsc /MD /GS /Gy /fp:precise /Zc:wchar_t /Zc:forScope /Fo"Release\\" /Fd"Release\vc100.pdb" /Gd /TP /analyze- /errorReport:prompt kod.cpp
         kod.cpp
     1>kod.cpp(24): warning C4996: 'strcpy': This function or variable may be unsafe. Consider using strcpy_s instead. To disable deprecation, use _CRT_SECURE_NO_WARNINGS. See online help for details.
                 C:\Program Files (x86)\Microsoft Visual Studio 10.0\VC\include\string.h(105): см. объявление "strcpy"
     1>kod.cpp(32): warning C4996: 'strcpy': This function or variable may be unsafe. Consider using strcpy_s instead. To disable deprecation, use _CRT_SECURE_NO_WARNINGS. See online help for details.
                 C:\Program Files (x86)\Microsoft Visual Studio 10.0\VC\include\string.h(105): см. объявление "strcpy"
     1>kod.cpp(40): warning C4996: 'strcpy': This function or variable may be unsafe. Consider using strcpy_s instead. To disable deprecation, use _CRT_SECURE_NO_WARNINGS. See online help for details.
                 C:\Program Files (x86)\Microsoft Visual Studio 10.0\VC\include\string.h(105): см. объявление "strcpy"
     1>kod.cpp(41): warning C4018: <: несоответствие типов со знаком и без знака
     1>kod.cpp(54): warning C4996: 'strcpy': This function or variable may be unsafe. Consider using strcpy_s instead. To disable deprecation, use _CRT_SECURE_NO_WARNINGS. See online help for details.
                 C:\Program Files (x86)\Microsoft Visual Studio 10.0\VC\include\string.h(105): см. объявление "strcpy"
     1>kod.cpp(66): warning C4101: szSendBuff: неиспользованная локальная переменная
       Link:
         C:\Program Files (x86)\Microsoft Visual Studio 10.0\VC\bin\link.exe /ERRORREPORT:PROMPT /OUT:"C:\Users\Acer-PC\Documents\Visual Studio 2010\Projects\kurs_client\Release\kurs_client.exe" /INCREMENTAL:NO /NOLOGO kernel32.lib user32.lib gdi32.lib winspool.lib comdlg32.lib advapi32.lib shell32.lib ole32.lib oleaut32.lib uuid.lib odbc32.lib odbccp32.lib /MANIFEST /ManifestFile:"Release\kurs_client.exe.intermediate.manifest" /MANIFESTUAC:"level='asInvoker' uiAccess='false'" /DEBUG /PDB:"C:\Users\Acer-PC\Documents\Visual Studio 2010\Projects\kurs_client\Release\kurs_client.pdb" /SUBSYSTEM:CONSOLE /OPT:REF /OPT:ICF /LTCG /TLBID:1 /DYNAMICBASE /NXCOMPAT /IMPLIB:"C:\Users\Acer-PC\Documents\Visual Studio 2010\Projects\kurs_client\Release\kurs_client.lib" /MACHINE:X86 Release\kod.obj
         Создание кода
         Создание кода завершено
         kurs_client.vcxproj -> C:\Users\Acer-PC\Documents\Visual Studio 2010\Projects\kurs_client\Release\kurs_client.exe
       Manifest:
         C:\Program Files (x86)\Microsoft SDKs\Windows\v7.0A\bin\mt.exe /nologo /verbose /outputresource:"C:\Users\Acer-PC\Documents\Visual Studio 2010\Projects\kurs_client\Release\kurs_client.exe;#1" /manifest Release\kurs_client.exe.intermediate.manifest
       FinalizeBuildStatus:
         Файл "Release\kurs_client.unsuccessfulbuild" удаляется.
         Обращение к "Release\kurs_client.lastbuildstate".
     1>Построение проекта "C:\Users\Acer-PC\Documents\Visual Studio 2010\Projects\kurs_client\kurs_client\kurs_client.vcxproj" завершено (целевые объекты build).

Построение успешно завершено.

Затраченное время: 00:00:02.16
